#
# A fatal error has been detected by the Java Runtime Environment:
#
#  EXCEPTION_ACCESS_VIOLATION (0xc0000005) at pc=0x6d9df1eb, pid=5040, tid=5408
#
# JRE version: 6.0_31-b05
# Java VM: Java HotSpot(TM) Client VM (20.6-b01 mixed mode windows-x86 )
# Problematic frame:
# V  [jvm.dll+0x1ef1eb]
#
# If you would like to submit a bug report, please visit:
#   http://java.sun.com/webapps/bugreport/crash.jsp
#

---------------  T H R E A D  ---------------

Current thread (0x18e08400):  JavaThread "C1 CompilerThread0" daemon [_thread_in_native, id=5408, stack(0x18b70000,0x18bc0000)]

siginfo: ExceptionCode=0xc0000005, reading address 0x0000001c

Registers:
EAX=0x00000000, EBX=0x18f5d410, ECX=0x18f5d550, EDX=0x18f5d800
ESP=0x18bbfa08, EBP=0x18bbfa7c, ESI=0x18bbfa98, EDI=0x0000001f
EIP=0x6d9df1eb, EFLAGS=0x00010203

Top of Stack: (sp=0x18bbfa08)
0x18bbfa08:   18bbfc4c 18f5d410 18f5d43c 18bbfc4c
0x18bbfa18:   18f5d410 00000007 18f5d500 00000010
0x18bbfa28:   18f5d540 18f5de90 00000007 18f5de98
0x18bbfa38:   00000007 00000007 18f5dea0 00000001
0x18bbfa48:   00000000 14690eb8 18bbfa80 00000002
0x18bbfa58:   6d9e1998 18e12430 18f5d410 18f5d43c
0x18bbfa68:   18e12430 18e12430 18f5d410 18f5d43c
0x18bbfa78:   0000001f 18bbfacc 6d9e1b81 18bbfc4c 

Instructions: (pc=0x6d9df1eb)
0x6d9df1cb:   41 8c ff ff 50 8b ce 89 46 18 e8 c6 7c ff ff 83
0x6d9df1db:   ff ff 74 20 8b 45 ac 8b 48 04 8b 14 b9 8b 42 30
0x6d9df1eb:   8b 48 1c 85 c9 74 0d 8b 4e 04 68 38 63 a4 6d e8
0x6d9df1fb:   81 41 ff ff 5f 8b c6 5e 5b 8b e5 5d c2 08 00 8b 


Register to memory mapping:

EAX=0x00000000 is an unknown value
EBX=0x18f5d410 is an unknown value
ECX=0x18f5d550 is an unknown value
EDX=0x18f5d800 is an unknown value
ESP=0x18bbfa08 is pointing into the stack for thread: 0x18e08400
EBP=0x18bbfa7c is pointing into the stack for thread: 0x18e08400
ESI=0x18bbfa98 is pointing into the stack for thread: 0x18e08400
EDI=0x0000001f is an unknown value


Stack: [0x18b70000,0x18bc0000],  sp=0x18bbfa08,  free space=318k
Native frames: (J=compiled Java code, j=interpreted, Vv=VM code, C=native code)
V  [jvm.dll+0x1ef1eb]
V  [jvm.dll+0x1f1b81]
V  [jvm.dll+0x1f1c4e]
V  [jvm.dll+0x1e33d3]
V  [jvm.dll+0x1e3a15]
V  [jvm.dll+0x1e3b1c]
V  [jvm.dll+0x1e3c6f]
V  [jvm.dll+0x1e3ec4]
V  [jvm.dll+0x3dc4d]
V  [jvm.dll+0x3e77f]
V  [jvm.dll+0x118f14]
V  [jvm.dll+0x140ffc]
C  [msvcr71.dll+0x9565]  endthreadex+0xa0
C  [kernel32.dll+0x1339a]  BaseThreadInitThunk+0x12
C  [ntdll.dll+0x39ef2]  RtlInitializeExceptionChain+0x63
C  [ntdll.dll+0x39ec5]  RtlInitializeExceptionChain+0x36


Current CompileTask:
C1: 795215   4% !   no.ntnu.fp.net.co.TestCoServer.main([Ljava/lang/String;)V @ 31 (105 bytes)


---------------  P R O C E S S  ---------------

Java Threads: ( => current thread )
  0x18e0f400 JavaThread "Low Memory Detector" daemon [_thread_blocked, id=840, stack(0x18d60000,0x18db0000)]
=>0x18e08400 JavaThread "C1 CompilerThread0" daemon [_thread_in_native, id=5408, stack(0x18b70000,0x18bc0000)]
  0x024c7400 JavaThread "JDWP Command Reader" daemon [_thread_in_native, id=7256, stack(0x18ae0000,0x18b30000)]
  0x024c6400 JavaThread "JDWP Event Helper Thread" daemon [_thread_blocked, id=1764, stack(0x18a30000,0x18a80000)]
  0x024c4400 JavaThread "JDWP Transport Listener: dt_socket" daemon [_thread_blocked, id=8112, stack(0x18990000,0x189e0000)]
  0x024b6c00 JavaThread "Attach Listener" daemon [_thread_blocked, id=6876, stack(0x187c0000,0x18810000)]
  0x024b3800 JavaThread "Signal Dispatcher" daemon [_thread_blocked, id=7044, stack(0x18730000,0x18780000)]
  0x02488800 JavaThread "Finalizer" daemon [_thread_blocked, id=6660, stack(0x186a0000,0x186f0000)]
  0x02483c00 JavaThread "Reference Handler" daemon [_thread_blocked, id=6448, stack(0x18610000,0x18660000)]
  0x00259800 JavaThread "main" [_thread_in_native, id=7468, stack(0x00430000,0x00480000)]

Other Threads:
  0x0247ec00 VMThread [stack: 0x18580000,0x185d0000] [id=5660]
  0x18e1a000 WatcherThread [stack: 0x19040000,0x19090000] [id=3260]

VM state:not at safepoint (normal execution)

VM Mutex/Monitor currently owned by a thread: None

Heap
 def new generation   total 4928K, used 2876K [0x044d0000, 0x04a20000, 0x09a20000)
  eden space 4416K,  64% used [0x044d0000, 0x0479ad30, 0x04920000)
  from space 512K,   3% used [0x049a0000, 0x049a44f0, 0x04a20000)
  to   space 512K,   0% used [0x04920000, 0x04920000, 0x049a0000)
 tenured generation   total 10944K, used 320K [0x09a20000, 0x0a4d0000, 0x144d0000)
   the space 10944K,   2% used [0x09a20000, 0x09a703e0, 0x09a70400, 0x0a4d0000)
 compacting perm gen  total 12288K, used 4062K [0x144d0000, 0x150d0000, 0x184d0000)
   the space 12288K,  33% used [0x144d0000, 0x148c78d8, 0x148c7a00, 0x150d0000)
No shared spaces configured.

Code Cache  [0x024d0000, 0x025a8000, 0x044d0000)
 total_blobs=412 nmethods=288 adapters=68 free_code_cache=32689152 largest_free_block=0

Dynamic libraries:
0x00400000 - 0x00425000 	C:\Program Files (x86)\Java\jre6\bin\javaw.exe
0x774f0000 - 0x77670000 	C:\Windows\SysWOW64\ntdll.dll
0x76fe0000 - 0x770f0000 	C:\Windows\syswow64\kernel32.dll
0x751b0000 - 0x751f6000 	C:\Windows\syswow64\KERNELBASE.dll
0x76740000 - 0x767e0000 	C:\Windows\syswow64\ADVAPI32.dll
0x76db0000 - 0x76e5c000 	C:\Windows\syswow64\msvcrt.dll
0x76c50000 - 0x76c69000 	C:\Windows\SysWOW64\sechost.dll
0x76aa0000 - 0x76b90000 	C:\Windows\syswow64\RPCRT4.dll
0x75050000 - 0x750b0000 	C:\Windows\syswow64\SspiCli.dll
0x75040000 - 0x7504c000 	C:\Windows\syswow64\CRYPTBASE.dll
0x75270000 - 0x75370000 	C:\Windows\syswow64\USER32.dll
0x76e60000 - 0x76ef0000 	C:\Windows\syswow64\GDI32.dll
0x76730000 - 0x7673a000 	C:\Windows\syswow64\LPK.dll
0x76ef0000 - 0x76f8d000 	C:\Windows\syswow64\USP10.dll
0x76d50000 - 0x76db0000 	C:\Windows\system32\IMM32.DLL
0x76870000 - 0x7693c000 	C:\Windows\syswow64\MSCTF.dll
0x7c340000 - 0x7c396000 	C:\Program Files (x86)\Java\jre6\bin\msvcr71.dll
0x6d7f0000 - 0x6da9f000 	C:\Program Files (x86)\Java\jre6\bin\client\jvm.dll
0x73e90000 - 0x73ec2000 	C:\Windows\system32\WINMM.dll
0x6afa0000 - 0x6afec000 	C:\Windows\system32\apphelp.dll
0x6d7a0000 - 0x6d7ac000 	C:\Program Files (x86)\Java\jre6\bin\verify.dll
0x6d320000 - 0x6d33f000 	C:\Program Files (x86)\Java\jre6\bin\java.dll
0x6d370000 - 0x6d399000 	C:\Program Files (x86)\Java\jre6\bin\jdwp.dll
0x6d690000 - 0x6d696000 	C:\Program Files (x86)\Java\jre6\bin\npt.dll
0x6d7e0000 - 0x6d7ef000 	C:\Program Files (x86)\Java\jre6\bin\zip.dll
0x6d200000 - 0x6d207000 	C:\Program Files (x86)\Java\jre6\bin\dt_socket.dll
0x75370000 - 0x753a5000 	C:\Windows\syswow64\WS2_32.dll
0x75590000 - 0x75596000 	C:\Windows\syswow64\NSI.dll
0x71750000 - 0x71760000 	C:\Windows\system32\NLAapi.dll
0x71730000 - 0x71740000 	C:\Windows\system32\napinsp.dll
0x71620000 - 0x71632000 	C:\Windows\system32\pnrpnsp.dll
0x71720000 - 0x7172d000 	C:\Windows\system32\wshbth.dll
0x745f0000 - 0x7462c000 	C:\Windows\System32\mswsock.dll
0x74230000 - 0x74274000 	C:\Windows\system32\DNSAPI.dll
0x71610000 - 0x71618000 	C:\Windows\System32\winrnr.dll
0x715e0000 - 0x71601000 	C:\Program Files (x86)\Bonjour\mdnsNSP.dll
0x74210000 - 0x7422c000 	C:\Windows\system32\Iphlpapi.DLL
0x74200000 - 0x74207000 	C:\Windows\system32\WINNSI.DLL
0x74180000 - 0x741b8000 	C:\Windows\System32\fwpuclnt.dll
0x71740000 - 0x71746000 	C:\Windows\system32\rasadhlp.dll
0x749d0000 - 0x749d5000 	C:\Windows\System32\wshtcpip.dll
0x6d600000 - 0x6d613000 	C:\Program Files (x86)\Java\jre6\bin\net.dll
0x741c0000 - 0x741c6000 	C:\Windows\System32\wship6.dll
0x774c0000 - 0x774c5000 	C:\Windows\system32\PSAPI.DLL

VM Arguments:
jvm_args: -agentlib:jdwp=transport=dt_socket,suspend=y,address=localhost:52227 -Dfile.encoding=Cp1252 
java_command: no.ntnu.fp.net.co.TestCoServer
Launcher Type: SUN_STANDARD

Environment Variables:
JAVA_HOME=C:\Program Files\Java\jdk1.7.0
CLASSPATH=.;C:\Program Files (x86)\Java\jre6\lib\ext\QTJava.zip
PATH=C:/Program Files (x86)/Java/jre6/bin/client;C:/Program Files (x86)/Java/jre6/bin;C:/Program Files (x86)/Java/jre6/lib/i386;C:\Program Files (x86)\AMD APP\bin\x86_64;C:\Program Files (x86)\AMD APP\bin\x86;C:\Program Files (x86)\NVIDIA Corporation\PhysX\Common;C:\Windows\system32;C:\Windows;C:\Windows\System32\Wbem;C:\Windows\System32\WindowsPowerShell\v1.0\;c:\Program Files (x86)\Common Files\Ulead Systems\MPEG;C:\Program Files (x86)\ATI Technologies\ATI.ACE\Core-Static;C:\Program Files\Broadcom\Broadcom 802.11\Driver;C:\Program Files\WIDCOMM\Bluetooth Software\;C:\Program Files\WIDCOMM\Bluetooth Software\syswow64;C:\Program Files (x86)\QuickTime\QTSystem\;C:\Program Files (x86)\Maven\bin;C:\Program Files\MATLAB\R2011a\bin;C:\Program Files\MySQL\MySQL Server 5.5\bin;C:\Program Files (x86)\MiKTeX 2.9\miktex\bin\;C:\eclipse;
USERNAME=Joakim
OS=Windows_NT
PROCESSOR_IDENTIFIER=Intel64 Family 6 Model 30 Stepping 5, GenuineIntel



---------------  S Y S T E M  ---------------

OS: Windows 7 , 64 bit Build 7601 Service Pack 1

CPU:total 8 (4 cores per cpu, 2 threads per core) family 6 model 30 stepping 5, cmov, cx8, fxsr, mmx, sse, sse2, sse3, ssse3, sse4.1, sse4.2, popcnt, ht

Memory: 4k page, physical 6223724k(3558492k free), swap 12445600k(9306484k free)

vm_info: Java HotSpot(TM) Client VM (20.6-b01) for windows-x86 JRE (1.6.0_31-b05), built on Feb  3 2012 18:44:09 by "java_re" with MS VC++ 7.1 (VS2003)

time: Mon Mar 19 14:33:40 2012
elapsed time: 794 seconds

